<?xml version="1.0" encoding="UTF-8"?>
<testsuite name="Matrix" tests="4" skipped="0" failures="0" errors="0" timestamp="2021-03-29T12:41:05" hostname="DESKTOP-F79RBRS" time="3.412">
  <properties/>
  <testcase name="Determinant" classname="Matrix" time="3.318"/>
  <testcase name="Transpose" classname="Matrix" time="0.042"/>
  <testcase name="Inverse" classname="Matrix" time="0.019"/>
  <testcase name="Cofactor" classname="Matrix" time="0.032"/>
  <system-out><![CDATA[]]></system-out>
  <system-err><![CDATA[]]></system-err>
</testsuite>
